[2026-03-01--12-16-57 INFO actix_server::builder] starting 5 workers
[2026-03-01--12-16-57 INFO actix_server::server] Tokio runtime found; starting in existing Tokio runtime
[2026-03-01--12-16-57 INFO actix_server::server] starting service: "actix-web-service-127.0.0.1:18488", workers: 5, listening on: 127.0.0.1:18488
[2026-03-01--12-16-57 INFO parity_ws] Listening for new connections on 127.0.0.1:8900.
[2026-03-01--12-16-59 INFO txtx::svm::deploy_program] [Recovery Instructions] - An ephemeral authority account will be created and funded to write to the buffer account.
[2026-03-01--12-16-59 INFO txtx::svm::deploy_program] [Recovery Instructions] - Please save the following information in case the deployment fails and the account needs to be recovered:
[2026-03-01--12-16-59 INFO txtx::svm::deploy_program] [Recovery Instructions] - Ephemeral authority public key: LGnNYAiSnfZmtd8E9RZ4vu4D1eygxoyw9NjTfRCsaBc
[2026-03-01--12-16-59 INFO txtx::svm::deploy_program] [Recovery Instructions] - Ephemeral authority secret key: [37, 9, 133, 238, 11, 88, 174, 95, 127, 102, 144, 135, 180, 90, 36, 20, 94, 167, 15, 180, 189, 124, 87, 154, 230, 165, 197, 126, 184, 233, 148, 10, 4, 239, 225, 100, 59, 18, 221, 205, 185, 44, 201, 140, 1, 240, 127, 92, 145, 139, 60, 74, 10, 20, 85, 90, 88, 206, 129, 150, 110, 27, 129, 11]
[2026-03-01--12-16-59 INFO txtx::svm::deploy_program] Account Created - Ephemeral authority account created and funded to write to buffer
[2026-03-01--12-16-59 INFO txtx::svm::deploy_program] [Recovery Instructions] - Creating program buffer account at pubkey 2mvU3UUQJ8ViaGwtB2bc9Wkg4QJhrj6hBqaay1HhRLxP
[2026-03-01--12-17-00 INFO txtx::svm::deploy_program] Account Created - Program buffer account created
[2026-03-01--12-17-07 INFO txtx::svm::deploy_program] Buffer Ready - Writing to buffer account is complete
[2026-03-01--12-17-08 INFO txtx::svm::deploy_program] Program Created - Program 6AkHVw9JWm2Ge1S47KmeETiFcnFXBMLr5UMKPQGQm3Wf has been deployed
[2026-03-01--12-17-09 INFO txtx::svm::deploy_program] Complete - Ephemeral authority account closed and leftover funds returned to payer
[2026-03-01--12-17-48 INFO actix_server::accept] accept thread stopped
[2026-03-01--12-17-48 INFO actix_server::worker] shutting down idle worker
[2026-03-01--12-17-48 INFO actix_server::worker] shutting down idle worker
[2026-03-01--12-17-48 INFO actix_server::worker] shutting down idle worker
[2026-03-01--12-17-48 INFO actix_server::worker] shutting down idle worker
[2026-03-01--12-17-48 INFO actix_server::worker] shutting down idle worker
