[2026-02-27--20-35-59 INFO actix_server::builder] starting 5 workers
[2026-02-27--20-35-59 INFO actix_server::server] Tokio runtime found; starting in existing Tokio runtime
[2026-02-27--20-35-59 INFO actix_server::server] starting service: "actix-web-service-127.0.0.1:18488", workers: 5, listening on: 127.0.0.1:18488
[2026-02-27--20-35-59 INFO parity_ws] Listening for new connections on 127.0.0.1:8900.
[2026-02-27--20-36-02 INFO txtx::svm::deploy_program] [Recovery Instructions] - An ephemeral authority account will be created and funded to write to the buffer account.
[2026-02-27--20-36-02 INFO txtx::svm::deploy_program] [Recovery Instructions] - Please save the following information in case the deployment fails and the account needs to be recovered:
[2026-02-27--20-36-02 INFO txtx::svm::deploy_program] [Recovery Instructions] - Ephemeral authority public key: 44ydDNqpzeNt22tKYpcQwCQ7uoUc9BJaZYbNEoEUtLGS
[2026-02-27--20-36-02 INFO txtx::svm::deploy_program] [Recovery Instructions] - Ephemeral authority secret key: [105, 208, 214, 146, 74, 223, 22, 198, 224, 149, 159, 54, 22, 86, 194, 219, 63, 19, 194, 183, 55, 191, 66, 183, 27, 56, 239, 194, 131, 191, 139, 30, 45, 151, 212, 30, 23, 197, 222, 13, 25, 143, 228, 223, 35, 60, 146, 104, 4, 90, 91, 192, 131, 62, 232, 40, 111, 92, 148, 221, 86, 117, 201, 243]
[2026-02-27--20-36-02 INFO txtx::svm::deploy_program] Account Created - Ephemeral authority account created and funded to write to buffer
[2026-02-27--20-36-02 INFO txtx::svm::deploy_program] [Recovery Instructions] - Creating program buffer account at pubkey 6VNuDyHVbYupVgWebF1QnJJMQuN288JxP8kr1W5CtJk2
[2026-02-27--20-36-02 INFO txtx::svm::deploy_program] Account Created - Program buffer account created
[2026-02-27--20-36-09 INFO txtx::svm::deploy_program] Buffer Ready - Writing to buffer account is complete
[2026-02-27--20-36-10 INFO txtx::svm::deploy_program] Program Created - Program 6AkHVw9JWm2Ge1S47KmeETiFcnFXBMLr5UMKPQGQm3Wf has been deployed
[2026-02-27--20-36-11 INFO txtx::svm::deploy_program] Complete - Ephemeral authority account closed and leftover funds returned to payer
[2026-02-27--20-36-34 INFO actix_server::accept] accept thread stopped
[2026-02-27--20-36-34 INFO actix_server::worker] shutting down idle worker
[2026-02-27--20-36-34 INFO actix_server::worker] shutting down idle worker
[2026-02-27--20-36-34 INFO actix_server::worker] shutting down idle worker
[2026-02-27--20-36-34 INFO actix_server::worker] shutting down idle worker
[2026-02-27--20-36-34 INFO actix_server::worker] shutting down idle worker
