[2026-03-01--12-18-49 INFO actix_server::builder] starting 5 workers
[2026-03-01--12-18-49 INFO actix_server::server] Tokio runtime found; starting in existing Tokio runtime
[2026-03-01--12-18-49 INFO actix_server::server] starting service: "actix-web-service-127.0.0.1:18488", workers: 5, listening on: 127.0.0.1:18488
[2026-03-01--12-18-50 INFO parity_ws] Listening for new connections on 127.0.0.1:8900.
[2026-03-01--12-18-52 INFO txtx::svm::deploy_program] [Recovery Instructions] - An ephemeral authority account will be created and funded to write to the buffer account.
[2026-03-01--12-18-52 INFO txtx::svm::deploy_program] [Recovery Instructions] - Please save the following information in case the deployment fails and the account needs to be recovered:
[2026-03-01--12-18-52 INFO txtx::svm::deploy_program] [Recovery Instructions] - Ephemeral authority public key: FPWjpEk2cCHisapF35JoUyunToWhEGPwvH3cFkWnoYeF
[2026-03-01--12-18-52 INFO txtx::svm::deploy_program] [Recovery Instructions] - Ephemeral authority secret key: [144, 152, 11, 20, 131, 37, 177, 0, 86, 26, 172, 248, 196, 194, 107, 136, 122, 221, 28, 104, 117, 149, 120, 99, 189, 178, 53, 108, 10, 84, 153, 122, 213, 200, 5, 19, 243, 253, 16, 117, 81, 173, 173, 22, 248, 77, 246, 97, 90, 27, 192, 143, 204, 156, 72, 161, 231, 63, 233, 11, 56, 15, 176, 172]
[2026-03-01--12-18-52 INFO txtx::svm::deploy_program] Account Created - Ephemeral authority account created and funded to write to buffer
[2026-03-01--12-18-52 INFO txtx::svm::deploy_program] [Recovery Instructions] - Creating program buffer account at pubkey G2ThyzCi7Y8UVQko3LUaEKcTZVWDxWcCasFkCjUAExZE
[2026-03-01--12-18-52 INFO txtx::svm::deploy_program] Account Created - Program buffer account created
[2026-03-01--12-19-00 INFO txtx::svm::deploy_program] Buffer Ready - Writing to buffer account is complete
[2026-03-01--12-19-01 INFO txtx::svm::deploy_program] Program Created - Program 6AkHVw9JWm2Ge1S47KmeETiFcnFXBMLr5UMKPQGQm3Wf has been deployed
[2026-03-01--12-19-02 INFO txtx::svm::deploy_program] Complete - Ephemeral authority account closed and leftover funds returned to payer
[2026-03-01--12-19-25 INFO actix_server::accept] accept thread stopped
[2026-03-01--12-19-25 INFO actix_server::worker] shutting down idle worker
[2026-03-01--12-19-25 INFO actix_server::worker] shutting down idle worker
[2026-03-01--12-19-25 INFO actix_server::worker] shutting down idle worker
[2026-03-01--12-19-25 INFO actix_server::worker] shutting down idle worker
[2026-03-01--12-19-25 INFO actix_server::worker] shutting down idle worker
